LambLife starting: 50x50 grid, seed=2, ticks=10000
tick=100 pop=2499 res=0 empty=1 births=0 deaths_e=1 deaths_a=0 interactions=2500 consumed=0 novel=0 energy=3183.2/50897.3 size=11.4/499 age=98.1/100 gen=4
tick=200 pop=2500 res=0 empty=0 births=1 deaths_e=0 deaths_a=0 interactions=2499 consumed=0 novel=0 energy=6427.2/102948.1 size=11.4/499 age=197.8/200 gen=4
tick=300 pop=2500 res=0 empty=0 births=0 deaths_e=0 deaths_a=0 interactions=2500 consumed=0 novel=0 energy=9671.6/152688.5 size=11.4/499 age=297.8/300 gen=4
tick=400 pop=2500 res=0 empty=0 births=0 deaths_e=0 deaths_a=0 interactions=2500 consumed=0 novel=0 energy=12951.3/207999.3 size=11.4/499 age=397.7/400 gen=4
tick=500 pop=2500 res=0 empty=0 births=0 deaths_e=0 deaths_a=0 interactions=2500 consumed=0 novel=0 energy=16232.4/255473.9 size=11.4/499 age=497.5/500 gen=4
tick=600 pop=2500 res=0 empty=0 births=0 deaths_e=0 deaths_a=0 interactions=2500 consumed=0 novel=0 energy=19472.0/312140.6 size=11.4/499 age=597.2/600 gen=4
tick=700 pop=2500 res=0 empty=0 births=0 deaths_e=0 deaths_a=0 interactions=2500 consumed=0 novel=0 energy=22752.7/359917.2 size=11.4/499 age=697.2/700 gen=4
tick=800 pop=2500 res=0 empty=0 births=0 deaths_e=0 deaths_a=0 interactions=2500 consumed=0 novel=0 energy=26020.2/413106.9 size=11.4/499 age=797.2/800 gen=4
tick=900 pop=2500 res=0 empty=0 births=0 deaths_e=0 deaths_a=0 interactions=2500 consumed=0 novel=0 energy=29278.8/464912.3 size=11.4/499 age=896.9/900 gen=4
=== Diversity @ tick 1000: 534 unique species ===
  #1: hash=778c93a8b040cf3f pop=674 avg_energy=16799.2 center=(24,24)
  #2: hash=40c0c668478ecf90 pop=347 avg_energy=35308.7 center=(25,25)
  #3: hash=82b3dcb707aae47f pop=146 avg_energy=13805.2 center=(22,24)
  #4: hash=bcd21b07e6f7e5b9 pop=91 avg_energy=33754.8 center=(24,24)
  #5: hash=da929c66eb3e88c1 pop=84 avg_energy=38211.5 center=(27,21)
  #6: hash=4d3be084d3467d01 pop=62 avg_energy=16485.2 center=(23,26)
  #7: hash=d00900ec926a0a46 pop=50 avg_energy=42086.6 center=(20,24)
  #8: hash=2c0252c55f91c01e pop=39 avg_energy=19694.9 center=(24,17)
  #9: hash=0a481eb844d7ae83 pop=37 avg_energy=22609.2 center=(27,25)
  #10: hash=c8ebdfc8786d6db9 pop=27 avg_energy=37501.2 center=(26,25)
tick=1000 pop=2500 res=0 empty=0 births=0 deaths_e=0 deaths_a=0 interactions=2500 consumed=0 novel=0 energy=32542.0/519872.7 size=11.4/499 age=996.9/1000 gen=4
tick=1100 pop=2500 res=0 empty=0 births=0 deaths_e=0 deaths_a=0 interactions=2500 consumed=0 novel=0 energy=35815.8/577757.0 size=11.4/499 age=1096.9/1100 gen=4
tick=1200 pop=2500 res=0 empty=0 births=0 deaths_e=0 deaths_a=0 interactions=2500 consumed=0 novel=0 energy=39104.1/645691.7 size=11.4/499 age=1196.9/1200 gen=4
tick=1300 pop=2500 res=0 empty=0 births=0 deaths_e=0 deaths_a=0 interactions=2500 consumed=0 novel=0 energy=42370.3/699348.4 size=11.4/499 age=1296.9/1300 gen=4
tick=1400 pop=2500 res=0 empty=0 births=0 deaths_e=0 deaths_a=0 interactions=2500 consumed=0 novel=0 energy=45675.4/757339.3 size=11.4/499 age=1396.9/1400 gen=4
tick=1500 pop=2500 res=0 empty=0 births=0 deaths_e=0 deaths_a=0 interactions=2500 consumed=0 novel=0 energy=48923.8/807546.4 size=11.4/499 age=1496.9/1500 gen=4
tick=1600 pop=2500 res=0 empty=0 births=0 deaths_e=0 deaths_a=0 interactions=2500 consumed=0 novel=0 energy=52196.3/863710.0 size=11.4/499 age=1596.9/1600 gen=4
tick=1700 pop=2500 res=0 empty=0 births=0 deaths_e=0 deaths_a=0 interactions=2500 consumed=0 novel=0 energy=55472.8/914306.9 size=11.4/499 age=1696.9/1700 gen=4
tick=1800 pop=2500 res=0 empty=0 births=0 deaths_e=0 deaths_a=0 interactions=2500 consumed=0 novel=0 energy=58750.3/963722.0 size=11.4/499 age=1796.9/1800 gen=4
tick=1900 pop=2500 res=0 empty=0 births=0 deaths_e=0 deaths_a=0 interactions=2500 consumed=0 novel=0 energy=62027.5/1011347.4 size=11.4/499 age=1896.9/1900 gen=4
=== Diversity @ tick 2000: 534 unique species ===
  #1: hash=778c93a8b040cf3f pop=674 avg_energy=33602.2 center=(24,24)
  #2: hash=40c0c668478ecf90 pop=347 avg_energy=70708.3 center=(25,25)
  #3: hash=82b3dcb707aae47f pop=146 avg_energy=27697.2 center=(22,24)
  #4: hash=bcd21b07e6f7e5b9 pop=91 avg_energy=68428.4 center=(24,24)
  #5: hash=da929c66eb3e88c1 pop=84 avg_energy=77843.6 center=(27,21)
  #6: hash=4d3be084d3467d01 pop=62 avg_energy=32982.8 center=(23,26)
  #7: hash=d00900ec926a0a46 pop=50 avg_energy=84287.1 center=(20,24)
  #8: hash=2c0252c55f91c01e pop=39 avg_energy=39555.8 center=(24,17)
  #9: hash=0a481eb844d7ae83 pop=37 avg_energy=45372.1 center=(27,25)
  #10: hash=c8ebdfc8786d6db9 pop=27 avg_energy=74746.1 center=(26,25)
tick=2000 pop=2500 res=0 empty=0 births=0 deaths_e=0 deaths_a=0 interactions=2500 consumed=0 novel=0 energy=65276.0/1056720.8 size=11.4/499 age=1996.9/2000 gen=4
tick=2100 pop=2500 res=0 empty=0 births=0 deaths_e=0 deaths_a=0 interactions=2500 consumed=0 novel=0 energy=68519.7/1110890.5 size=11.4/499 age=2096.9/2100 gen=4
tick=2200 pop=2500 res=0 empty=0 births=0 deaths_e=0 deaths_a=0 interactions=2500 consumed=0 novel=0 energy=71823.3/1165312.0 size=11.4/499 age=2196.9/2200 gen=4
tick=2300 pop=2500 res=0 empty=0 births=0 deaths_e=0 deaths_a=0 interactions=2500 consumed=0 novel=0 energy=75092.1/1218589.2 size=11.4/499 age=2296.9/2300 gen=4
tick=2400 pop=2500 res=0 empty=0 births=0 deaths_e=0 deaths_a=0 interactions=2500 consumed=0 novel=0 energy=78343.1/1271125.5 size=11.4/499 age=2396.9/2400 gen=4
tick=2500 pop=2500 res=0 empty=0 births=0 deaths_e=0 deaths_a=0 interactions=2500 consumed=0 novel=0 energy=81595.9/1313829.0 size=11.4/499 age=2496.9/2500 gen=4
tick=2600 pop=2500 res=0 empty=0 births=0 deaths_e=0 deaths_a=0 interactions=2500 consumed=0 novel=0 energy=84877.4/1356037.0 size=11.4/499 age=2596.9/2600 gen=4
tick=2700 pop=2500 res=0 empty=0 births=0 deaths_e=0 deaths_a=0 interactions=2500 consumed=0 novel=0 energy=88155.6/1404024.8 size=11.4/499 age=2696.9/2700 gen=4
tick=2800 pop=2500 res=0 empty=0 births=0 deaths_e=0 deaths_a=0 interactions=2500 consumed=0 novel=0 energy=91416.5/1451087.9 size=11.4/499 age=2796.9/2800 gen=4
tick=2900 pop=2500 res=0 empty=0 births=0 deaths_e=0 deaths_a=0 interactions=2500 consumed=0 novel=0 energy=94659.7/1493269.5 size=11.4/499 age=2896.9/2900 gen=4
=== Diversity @ tick 3000: 534 unique species ===
  #1: hash=778c93a8b040cf3f pop=674 avg_energy=50425.1 center=(24,24)
  #2: hash=40c0c668478ecf90 pop=347 avg_energy=105952.5 center=(25,25)
  #3: hash=82b3dcb707aae47f pop=146 avg_energy=41510.8 center=(22,24)
  #4: hash=bcd21b07e6f7e5b9 pop=91 avg_energy=102372.6 center=(24,24)
  #5: hash=da929c66eb3e88c1 pop=84 avg_energy=116988.0 center=(27,21)
  #6: hash=4d3be084d3467d01 pop=62 avg_energy=49530.2 center=(23,26)
  #7: hash=d00900ec926a0a46 pop=50 avg_energy=126922.9 center=(20,24)
  #8: hash=2c0252c55f91c01e pop=39 avg_energy=59330.7 center=(24,17)
  #9: hash=0a481eb844d7ae83 pop=37 avg_energy=68101.2 center=(27,25)
  #10: hash=c8ebdfc8786d6db9 pop=27 avg_energy=112054.3 center=(26,25)
tick=3000 pop=2500 res=0 empty=0 births=0 deaths_e=0 deaths_a=0 interactions=2500 consumed=0 novel=0 energy=97920.9/1547013.5 size=11.4/499 age=2996.9/3000 gen=4
tick=3100 pop=2500 res=0 empty=0 births=0 deaths_e=0 deaths_a=0 interactions=2500 consumed=0 novel=0 energy=101196.5/1607684.9 size=11.4/499 age=3096.9/3100 gen=4
tick=3200 pop=2500 res=0 empty=0 births=0 deaths_e=0 deaths_a=0 interactions=2500 consumed=0 novel=0 energy=104480.9/1666047.5 size=11.4/499 age=3196.9/3200 gen=4
tick=3300 pop=2500 res=0 empty=0 births=0 deaths_e=0 deaths_a=0 interactions=2500 consumed=0 novel=0 energy=107742.9/1731101.3 size=11.4/499 age=3296.9/3300 gen=4
tick=3400 pop=2500 res=0 empty=0 births=0 deaths_e=0 deaths_a=0 interactions=2500 consumed=0 novel=0 energy=111040.8/1779918.1 size=11.4/499 age=3396.9/3400 gen=4
tick=3500 pop=2500 res=0 empty=0 births=0 deaths_e=0 deaths_a=0 interactions=2500 consumed=0 novel=0 energy=114285.4/1827700.7 size=11.4/499 age=3496.9/3500 gen=4
tick=3600 pop=2500 res=0 empty=0 births=0 deaths_e=0 deaths_a=0 interactions=2500 consumed=0 novel=0 energy=117548.2/1888424.3 size=11.4/499 age=3596.9/3600 gen=4
tick=3700 pop=2500 res=0 empty=0 births=0 deaths_e=0 deaths_a=0 interactions=2500 consumed=0 novel=0 energy=120812.0/1937104.1 size=11.4/499 age=3696.9/3700 gen=4
tick=3800 pop=2500 res=0 empty=0 births=0 deaths_e=0 deaths_a=0 interactions=2500 consumed=0 novel=0 energy=124075.1/1982244.1 size=11.4/499 age=3796.9/3800 gen=4
tick=3900 pop=2500 res=0 empty=0 births=0 deaths_e=0 deaths_a=0 interactions=2500 consumed=0 novel=0 energy=127347.6/2033867.7 size=11.4/499 age=3896.9/3900 gen=4
=== Diversity @ tick 4000: 534 unique species ===
  #1: hash=778c93a8b040cf3f pop=674 avg_energy=67228.2 center=(24,24)
  #2: hash=40c0c668478ecf90 pop=347 avg_energy=141272.2 center=(25,25)
  #3: hash=82b3dcb707aae47f pop=146 avg_energy=55385.1 center=(22,24)
  #4: hash=bcd21b07e6f7e5b9 pop=91 avg_energy=137002.5 center=(24,24)
  #5: hash=da929c66eb3e88c1 pop=84 avg_energy=155839.6 center=(27,21)
  #6: hash=4d3be084d3467d01 pop=62 avg_energy=66042.3 center=(23,26)
  #7: hash=d00900ec926a0a46 pop=50 avg_energy=169972.5 center=(20,24)
  #8: hash=2c0252c55f91c01e pop=39 avg_energy=79098.0 center=(24,17)
  #9: hash=0a481eb844d7ae83 pop=37 avg_energy=90722.8 center=(27,25)
  #10: hash=c8ebdfc8786d6db9 pop=27 avg_energy=149943.4 center=(26,25)
tick=4000 pop=2500 res=0 empty=0 births=0 deaths_e=0 deaths_a=0 interactions=2500 consumed=0 novel=0 energy=130654.2/2086407.5 size=11.4/499 age=3996.9/4000 gen=4
tick=4100 pop=2500 res=0 empty=0 births=0 deaths_e=0 deaths_a=0 interactions=2500 consumed=0 novel=0 energy=133937.5/2125464.7 size=11.4/499 age=4096.9/4100 gen=4
tick=4200 pop=2500 res=0 empty=0 births=0 deaths_e=0 deaths_a=0 interactions=2500 consumed=0 novel=0 energy=137203.0/2177458.8 size=11.4/499 age=4196.9/4200 gen=4
tick=4300 pop=2500 res=0 empty=0 births=0 deaths_e=0 deaths_a=0 interactions=2500 consumed=0 novel=0 energy=140491.2/2241256.2 size=11.4/499 age=4296.9/4300 gen=4
tick=4400 pop=2500 res=0 empty=0 births=0 deaths_e=0 deaths_a=0 interactions=2500 consumed=0 novel=0 energy=143768.3/2294278.0 size=11.4/499 age=4396.9/4400 gen=4
tick=4500 pop=2500 res=0 empty=0 births=0 deaths_e=0 deaths_a=0 interactions=2500 consumed=0 novel=0 energy=147009.7/2340556.0 size=11.4/499 age=4496.9/4500 gen=4
tick=4600 pop=2500 res=0 empty=0 births=0 deaths_e=0 deaths_a=0 interactions=2500 consumed=0 novel=0 energy=150282.0/2386305.5 size=11.4/499 age=4596.9/4600 gen=4
tick=4700 pop=2500 res=0 empty=0 births=0 deaths_e=0 deaths_a=0 interactions=2500 consumed=0 novel=0 energy=153538.5/2440913.1 size=11.4/499 age=4696.9/4700 gen=4
tick=4800 pop=2500 res=0 empty=0 births=0 deaths_e=0 deaths_a=0 interactions=2500 consumed=0 novel=0 energy=156796.3/2493560.3 size=11.4/499 age=4796.9/4800 gen=4
tick=4900 pop=2500 res=0 empty=0 births=0 deaths_e=0 deaths_a=0 interactions=2500 consumed=0 novel=0 energy=160070.2/2546323.1 size=11.4/499 age=4896.9/4900 gen=4
=== Diversity @ tick 5000: 534 unique species ===
  #1: hash=778c93a8b040cf3f pop=674 avg_energy=84017.5 center=(24,24)
  #2: hash=40c0c668478ecf90 pop=347 avg_energy=176575.6 center=(25,25)
  #3: hash=82b3dcb707aae47f pop=146 avg_energy=69232.9 center=(22,24)
  #4: hash=bcd21b07e6f7e5b9 pop=91 avg_energy=171199.2 center=(24,24)
  #5: hash=da929c66eb3e88c1 pop=84 avg_energy=195436.0 center=(27,21)
  #6: hash=4d3be084d3467d01 pop=62 avg_energy=82485.4 center=(23,26)
  #7: hash=d00900ec926a0a46 pop=50 avg_energy=212339.1 center=(20,24)
  #8: hash=2c0252c55f91c01e pop=39 avg_energy=98791.4 center=(24,17)
  #9: hash=0a481eb844d7ae83 pop=37 avg_energy=113375.3 center=(27,25)
  #10: hash=c8ebdfc8786d6db9 pop=27 avg_energy=187517.7 center=(26,25)
tick=5000 pop=2500 res=0 empty=0 births=0 deaths_e=0 deaths_a=0 interactions=2500 consumed=0 novel=0 energy=163344.6/2592001.3 size=11.4/499 age=4996.9/5000 gen=4
tick=5100 pop=2500 res=0 empty=0 births=0 deaths_e=0 deaths_a=0 interactions=2500 consumed=0 novel=0 energy=166627.6/2647812.6 size=11.4/499 age=5096.9/5100 gen=4
tick=5200 pop=2500 res=0 empty=0 births=0 deaths_e=0 deaths_a=0 interactions=2500 consumed=0 novel=0 energy=169879.2/2692005.2 size=11.4/499 age=5196.9/5200 gen=4
tick=5300 pop=2500 res=0 empty=0 births=0 deaths_e=0 deaths_a=0 interactions=2500 consumed=0 novel=0 energy=173147.1/2743740.7 size=11.4/499 age=5296.9/5300 gen=4
tick=5400 pop=2500 res=0 empty=0 births=0 deaths_e=0 deaths_a=0 interactions=2500 consumed=0 novel=0 energy=176400.6/2802127.5 size=11.4/499 age=5396.9/5400 gen=4
tick=5500 pop=2500 res=0 empty=0 births=0 deaths_e=0 deaths_a=0 interactions=2500 consumed=0 novel=0 energy=179681.3/2863547.0 size=11.4/499 age=5496.9/5500 gen=4
tick=5600 pop=2500 res=0 empty=0 births=0 deaths_e=0 deaths_a=0 interactions=2500 consumed=0 novel=0 energy=182943.5/2924449.7 size=11.4/499 age=5596.9/5600 gen=4
tick=5700 pop=2500 res=0 empty=0 births=0 deaths_e=0 deaths_a=0 interactions=2500 consumed=0 novel=0 energy=186192.6/2979927.3 size=11.4/499 age=5696.9/5700 gen=4
tick=5800 pop=2500 res=0 empty=0 births=0 deaths_e=0 deaths_a=0 interactions=2500 consumed=0 novel=0 energy=189493.5/3029449.7 size=11.4/499 age=5796.9/5800 gen=4
tick=5900 pop=2500 res=0 empty=0 births=0 deaths_e=0 deaths_a=0 interactions=2500 consumed=0 novel=0 energy=192750.3/3075993.1 size=11.4/499 age=5896.9/5900 gen=4
=== Diversity @ tick 6000: 534 unique species ===
  #1: hash=778c93a8b040cf3f pop=674 avg_energy=100778.1 center=(24,24)
  #2: hash=40c0c668478ecf90 pop=347 avg_energy=211869.2 center=(25,25)
  #3: hash=82b3dcb707aae47f pop=146 avg_energy=83025.5 center=(22,24)
  #4: hash=bcd21b07e6f7e5b9 pop=91 avg_energy=205657.7 center=(24,24)
  #5: hash=da929c66eb3e88c1 pop=84 avg_energy=234264.2 center=(27,21)
  #6: hash=4d3be084d3467d01 pop=62 avg_energy=98942.7 center=(23,26)
  #7: hash=d00900ec926a0a46 pop=50 avg_energy=254052.7 center=(20,24)
  #8: hash=2c0252c55f91c01e pop=39 avg_energy=118583.3 center=(24,17)
  #9: hash=0a481eb844d7ae83 pop=37 avg_energy=136109.7 center=(27,25)
  #10: hash=c8ebdfc8786d6db9 pop=27 avg_energy=225119.4 center=(26,25)
tick=6000 pop=2500 res=0 empty=0 births=0 deaths_e=0 deaths_a=0 interactions=2500 consumed=0 novel=0 energy=195997.0/3126307.7 size=11.4/499 age=5996.9/6000 gen=4
tick=6100 pop=2500 res=0 empty=0 births=0 deaths_e=0 deaths_a=0 interactions=2500 consumed=0 novel=0 energy=199251.5/3180039.4 size=11.4/499 age=6096.9/6100 gen=4
tick=6200 pop=2500 res=0 empty=0 births=0 deaths_e=0 deaths_a=0 interactions=2500 consumed=0 novel=0 energy=202515.2/3231515.2 size=11.4/499 age=6196.9/6200 gen=4
tick=6300 pop=2500 res=0 empty=0 births=0 deaths_e=0 deaths_a=0 interactions=2500 consumed=0 novel=0 energy=205764.2/3286833.9 size=11.4/499 age=6296.9/6300 gen=4
tick=6400 pop=2500 res=0 empty=0 births=0 deaths_e=0 deaths_a=0 interactions=2500 consumed=0 novel=0 energy=209036.3/3339672.5 size=11.4/499 age=6396.9/6400 gen=4
tick=6500 pop=2500 res=0 empty=0 births=0 deaths_e=0 deaths_a=0 interactions=2500 consumed=0 novel=0 energy=212293.9/3388622.5 size=11.4/499 age=6496.9/6500 gen=4
tick=6600 pop=2500 res=0 empty=0 births=0 deaths_e=0 deaths_a=0 interactions=2500 consumed=0 novel=0 energy=215554.7/3426362.7 size=11.4/499 age=6596.9/6600 gen=4
tick=6700 pop=2500 res=0 empty=0 births=0 deaths_e=0 deaths_a=0 interactions=2500 consumed=0 novel=0 energy=218823.4/3478083.5 size=11.4/499 age=6696.9/6700 gen=4
tick=6800 pop=2500 res=0 empty=0 births=0 deaths_e=0 deaths_a=0 interactions=2500 consumed=0 novel=0 energy=222114.6/3523939.3 size=11.4/499 age=6796.9/6800 gen=4
tick=6900 pop=2500 res=0 empty=0 births=0 deaths_e=0 deaths_a=0 interactions=2500 consumed=0 novel=0 energy=225400.7/3579238.1 size=11.4/499 age=6896.9/6900 gen=4
=== Diversity @ tick 7000: 534 unique species ===
  #1: hash=778c93a8b040cf3f pop=674 avg_energy=117547.0 center=(24,24)
  #2: hash=40c0c668478ecf90 pop=347 avg_energy=247074.9 center=(25,25)
  #3: hash=82b3dcb707aae47f pop=146 avg_energy=96918.1 center=(22,24)
  #4: hash=bcd21b07e6f7e5b9 pop=91 avg_energy=239692.4 center=(24,24)
  #5: hash=da929c66eb3e88c1 pop=84 avg_energy=273686.4 center=(27,21)
  #6: hash=4d3be084d3467d01 pop=62 avg_energy=115471.0 center=(23,26)
  #7: hash=d00900ec926a0a46 pop=50 avg_energy=296688.4 center=(20,24)
  #8: hash=2c0252c55f91c01e pop=39 avg_energy=138435.2 center=(24,17)
  #9: hash=0a481eb844d7ae83 pop=37 avg_energy=158897.0 center=(27,25)
  #10: hash=c8ebdfc8786d6db9 pop=27 avg_energy=262440.4 center=(26,25)
tick=7000 pop=2500 res=0 empty=0 births=0 deaths_e=0 deaths_a=0 interactions=2500 consumed=0 novel=0 energy=228657.6/3636928.4 size=11.4/499 age=6996.9/7000 gen=4
tick=7100 pop=2500 res=0 empty=0 births=0 deaths_e=0 deaths_a=0 interactions=2500 consumed=0 novel=0 energy=231938.2/3691391.6 size=11.4/499 age=7096.9/7100 gen=4
tick=7200 pop=2500 res=0 empty=0 births=0 deaths_e=0 deaths_a=0 interactions=2500 consumed=0 novel=0 energy=235218.0/3736739.0 size=11.4/499 age=7196.9/7200 gen=4
tick=7300 pop=2500 res=0 empty=0 births=0 deaths_e=0 deaths_a=0 interactions=2500 consumed=0 novel=0 energy=238455.2/3784617.0 size=11.4/499 age=7296.9/7300 gen=4
tick=7400 pop=2500 res=0 empty=0 births=0 deaths_e=0 deaths_a=0 interactions=2500 consumed=0 novel=0 energy=241735.8/3823813.2 size=11.4/499 age=7396.9/7400 gen=4
tick=7500 pop=2500 res=0 empty=0 births=0 deaths_e=0 deaths_a=0 interactions=2500 consumed=0 novel=0 energy=244992.2/3876029.3 size=11.4/499 age=7496.9/7500 gen=4
tick=7600 pop=2500 res=0 empty=0 births=0 deaths_e=0 deaths_a=0 interactions=2500 consumed=0 novel=0 energy=248248.7/3932684.9 size=11.4/499 age=7596.9/7600 gen=4
tick=7700 pop=2500 res=0 empty=0 births=0 deaths_e=0 deaths_a=0 interactions=2500 consumed=0 novel=0 energy=251507.0/3987889.3 size=11.4/499 age=7696.9/7700 gen=4
tick=7800 pop=2500 res=0 empty=0 births=0 deaths_e=0 deaths_a=0 interactions=2500 consumed=0 novel=0 energy=254799.3/4042683.0 size=11.4/499 age=7796.9/7800 gen=4
tick=7900 pop=2500 res=0 empty=0 births=0 deaths_e=0 deaths_a=0 interactions=2500 consumed=0 novel=0 energy=258079.3/4092879.4 size=11.4/499 age=7896.9/7900 gen=4
=== Diversity @ tick 8000: 534 unique species ===
  #1: hash=778c93a8b040cf3f pop=674 avg_energy=134330.3 center=(24,24)
  #2: hash=40c0c668478ecf90 pop=347 avg_energy=282766.1 center=(25,25)
  #3: hash=82b3dcb707aae47f pop=146 avg_energy=110711.9 center=(22,24)
  #4: hash=bcd21b07e6f7e5b9 pop=91 avg_energy=274128.6 center=(24,24)
  #5: hash=da929c66eb3e88c1 pop=84 avg_energy=312301.4 center=(27,21)
  #6: hash=4d3be084d3467d01 pop=62 avg_energy=132011.5 center=(23,26)
  #7: hash=d00900ec926a0a46 pop=50 avg_energy=339402.7 center=(20,24)
  #8: hash=2c0252c55f91c01e pop=39 avg_energy=158235.7 center=(24,17)
  #9: hash=0a481eb844d7ae83 pop=37 avg_energy=181635.9 center=(27,25)
  #10: hash=c8ebdfc8786d6db9 pop=27 avg_energy=299960.4 center=(26,25)
tick=8000 pop=2500 res=0 empty=0 births=0 deaths_e=0 deaths_a=0 interactions=2500 consumed=0 novel=0 energy=261380.6/4150597.5 size=11.4/499 age=7996.9/8000 gen=4
tick=8100 pop=2500 res=0 empty=0 births=0 deaths_e=0 deaths_a=0 interactions=2500 consumed=0 novel=0 energy=264653.3/4201124.0 size=11.4/499 age=8096.9/8100 gen=4
tick=8200 pop=2500 res=0 empty=0 births=0 deaths_e=0 deaths_a=0 interactions=2500 consumed=0 novel=0 energy=267933.8/4248717.2 size=11.4/499 age=8196.9/8200 gen=4
tick=8300 pop=2500 res=0 empty=0 births=0 deaths_e=0 deaths_a=0 interactions=2500 consumed=0 novel=0 energy=271197.9/4301088.5 size=11.4/499 age=8296.9/8300 gen=4
tick=8400 pop=2500 res=0 empty=0 births=0 deaths_e=0 deaths_a=0 interactions=2500 consumed=0 novel=0 energy=274479.6/4350496.8 size=11.4/499 age=8396.9/8400 gen=4
tick=8500 pop=2500 res=0 empty=0 births=0 deaths_e=0 deaths_a=0 interactions=2500 consumed=0 novel=0 energy=277750.0/4408191.4 size=11.4/499 age=8496.9/8500 gen=4
tick=8600 pop=2500 res=0 empty=0 births=0 deaths_e=0 deaths_a=0 interactions=2500 consumed=0 novel=0 energy=281044.6/4450835.8 size=11.4/499 age=8596.9/8600 gen=4
tick=8700 pop=2500 res=0 empty=0 births=0 deaths_e=0 deaths_a=0 interactions=2500 consumed=0 novel=0 energy=284293.1/4501151.7 size=11.4/499 age=8696.9/8700 gen=4
tick=8800 pop=2500 res=0 empty=0 births=0 deaths_e=0 deaths_a=0 interactions=2500 consumed=0 novel=0 energy=287581.1/4542582.9 size=11.4/499 age=8796.9/8800 gen=4
tick=8900 pop=2500 res=0 empty=0 births=0 deaths_e=0 deaths_a=0 interactions=2500 consumed=0 novel=0 energy=290854.7/4584796.3 size=11.4/499 age=8896.9/8900 gen=4
=== Diversity @ tick 9000: 534 unique species ===
  #1: hash=778c93a8b040cf3f pop=674 avg_energy=151170.6 center=(24,24)
  #2: hash=40c0c668478ecf90 pop=347 avg_energy=318203.4 center=(25,25)
  #3: hash=82b3dcb707aae47f pop=146 avg_energy=124525.4 center=(22,24)
  #4: hash=bcd21b07e6f7e5b9 pop=91 avg_energy=307913.2 center=(24,24)
  #5: hash=da929c66eb3e88c1 pop=84 avg_energy=351580.3 center=(27,21)
  #6: hash=4d3be084d3467d01 pop=62 avg_energy=148463.9 center=(23,26)
  #7: hash=d00900ec926a0a46 pop=50 avg_energy=381366.3 center=(20,24)
  #8: hash=2c0252c55f91c01e pop=39 avg_energy=178040.3 center=(24,17)
  #9: hash=0a481eb844d7ae83 pop=37 avg_energy=204471.9 center=(27,25)
  #10: hash=c8ebdfc8786d6db9 pop=27 avg_energy=337805.6 center=(26,25)
tick=9000 pop=2500 res=0 empty=0 births=0 deaths_e=0 deaths_a=0 interactions=2500 consumed=0 novel=0 energy=294131.4/4636371.2 size=11.4/499 age=8996.9/9000 gen=4
tick=9100 pop=2500 res=0 empty=0 births=0 deaths_e=0 deaths_a=0 interactions=2500 consumed=0 novel=0 energy=297395.6/4689682.2 size=11.4/499 age=9096.9/9100 gen=4
tick=9200 pop=2500 res=0 empty=0 births=0 deaths_e=0 deaths_a=0 interactions=2500 consumed=0 novel=0 energy=300690.6/4740459.0 size=11.4/499 age=9196.9/9200 gen=4
tick=9300 pop=2500 res=0 empty=0 births=0 deaths_e=0 deaths_a=0 interactions=2500 consumed=0 novel=0 energy=303947.3/4805743.9 size=11.4/499 age=9296.9/9300 gen=4
tick=9400 pop=2500 res=0 empty=0 births=0 deaths_e=0 deaths_a=0 interactions=2500 consumed=0 novel=0 energy=307221.3/4865618.6 size=11.4/499 age=9396.9/9400 gen=4
tick=9500 pop=2500 res=0 empty=0 births=0 deaths_e=0 deaths_a=0 interactions=2500 consumed=0 novel=0 energy=310482.8/4924937.5 size=11.4/499 age=9496.9/9500 gen=4
tick=9600 pop=2500 res=0 empty=0 births=0 deaths_e=0 deaths_a=0 interactions=2500 consumed=0 novel=0 energy=313763.8/4971736.5 size=11.4/499 age=9596.9/9600 gen=4
tick=9700 pop=2500 res=0 empty=0 births=0 deaths_e=0 deaths_a=0 interactions=2500 consumed=0 novel=0 energy=317025.6/5009636.7 size=11.4/499 age=9696.9/9700 gen=4
tick=9800 pop=2500 res=0 empty=0 births=0 deaths_e=0 deaths_a=0 interactions=2500 consumed=0 novel=0 energy=320276.0/5057902.8 size=11.4/499 age=9796.9/9800 gen=4
tick=9900 pop=2500 res=0 empty=0 births=0 deaths_e=0 deaths_a=0 interactions=2500 consumed=0 novel=0 energy=323547.6/5114614.4 size=11.4/499 age=9896.9/9900 gen=4
=== Diversity @ tick 10000: 534 unique species ===
  #1: hash=778c93a8b040cf3f pop=674 avg_energy=167980.9 center=(24,24)
  #2: hash=40c0c668478ecf90 pop=347 avg_energy=353734.7 center=(25,25)
  #3: hash=82b3dcb707aae47f pop=146 avg_energy=138316.4 center=(22,24)
  #4: hash=bcd21b07e6f7e5b9 pop=91 avg_energy=341598.0 center=(24,24)
  #5: hash=da929c66eb3e88c1 pop=84 avg_energy=390805.6 center=(27,21)
  #6: hash=4d3be084d3467d01 pop=62 avg_energy=164930.0 center=(23,26)
  #7: hash=d00900ec926a0a46 pop=50 avg_energy=423538.5 center=(20,24)
  #8: hash=2c0252c55f91c01e pop=39 avg_energy=197735.9 center=(24,17)
  #9: hash=0a481eb844d7ae83 pop=37 avg_energy=227339.4 center=(27,25)
  #10: hash=c8ebdfc8786d6db9 pop=27 avg_energy=375181.7 center=(26,25)
tick=10000 pop=2500 res=0 empty=0 births=0 deaths_e=0 deaths_a=0 interactions=2500 consumed=0 novel=0 energy=326797.3/5156196.0 size=11.4/499 age=9996.9/10000 gen=4
Snapshot saved: runs/explore_001/seed_2/snapshots/snapshot_00010000.bin
Simulation complete. Metrics written to runs/explore_001/seed_2/metrics.csv, lineage to runs/explore_001/seed_2/lineage.csv
