LambLife starting: 50x50 grid, seed=1, ticks=10000
tick=100 pop=2500 res=0 empty=0 births=0 deaths_e=0 deaths_a=0 interactions=2500 consumed=0 novel=0 energy=3153.4/52991.7 size=11.7/498 age=97.7/100 gen=5
tick=200 pop=2500 res=0 empty=0 births=0 deaths_e=0 deaths_a=0 interactions=2500 consumed=0 novel=0 energy=6387.2/113745.7 size=11.7/498 age=197.5/200 gen=5
tick=300 pop=2500 res=0 empty=0 births=0 deaths_e=0 deaths_a=0 interactions=2500 consumed=0 novel=0 energy=9651.2/170883.6 size=11.7/498 age=297.5/300 gen=5
tick=400 pop=2500 res=0 empty=0 births=0 deaths_e=0 deaths_a=0 interactions=2500 consumed=0 novel=0 energy=12895.0/228018.5 size=11.7/498 age=397.5/400 gen=5
tick=500 pop=2500 res=0 empty=0 births=0 deaths_e=0 deaths_a=0 interactions=2500 consumed=0 novel=0 energy=16160.8/275245.5 size=11.7/498 age=497.4/500 gen=5
tick=600 pop=2500 res=0 empty=0 births=0 deaths_e=0 deaths_a=0 interactions=2500 consumed=0 novel=0 energy=19431.1/331435.3 size=11.7/498 age=597.4/600 gen=5
tick=700 pop=2500 res=0 empty=0 births=0 deaths_e=0 deaths_a=0 interactions=2500 consumed=0 novel=0 energy=22671.2/391080.9 size=11.7/498 age=697.4/700 gen=5
tick=800 pop=2500 res=0 empty=0 births=0 deaths_e=0 deaths_a=0 interactions=2500 consumed=0 novel=0 energy=25932.1/445458.3 size=11.7/498 age=797.4/800 gen=5
tick=900 pop=2500 res=0 empty=0 births=0 deaths_e=0 deaths_a=0 interactions=2500 consumed=0 novel=0 energy=29175.4/498047.0 size=11.7/498 age=897.1/900 gen=5
=== Diversity @ tick 1000: 555 unique species ===
  #1: hash=778c93a8b040cf3f pop=717 avg_energy=16525.3 center=(25,25)
  #2: hash=40c0c668478ecf90 pop=349 avg_energy=39078.4 center=(24,25)
  #3: hash=82b3dcb707aae47f pop=143 avg_energy=14494.9 center=(25,24)
  #4: hash=bcd21b07e6f7e5b9 pop=107 avg_energy=44001.1 center=(23,23)
  #5: hash=4d3be084d3467d01 pop=63 avg_energy=16607.9 center=(26,24)
  #6: hash=da929c66eb3e88c1 pop=60 avg_energy=26778.7 center=(28,25)
  #7: hash=d00900ec926a0a46 pop=42 avg_energy=35865.8 center=(26,22)
  #8: hash=2c0252c55f91c01e pop=41 avg_energy=21934.3 center=(20,27)
  #9: hash=cb3976286ea16de4 pop=40 avg_energy=22799.6 center=(24,23)
  #10: hash=c3cad67cd0489bef pop=29 avg_energy=13281.0 center=(20,17)
tick=1000 pop=2500 res=0 empty=0 births=0 deaths_e=0 deaths_a=0 interactions=2500 consumed=0 novel=0 energy=32453.1/551523.4 size=11.7/498 age=997.1/1000 gen=5
tick=1100 pop=2500 res=0 empty=0 births=0 deaths_e=0 deaths_a=0 interactions=2500 consumed=0 novel=0 energy=35726.7/612311.8 size=11.7/498 age=1097.1/1100 gen=5
tick=1200 pop=2500 res=0 empty=0 births=0 deaths_e=0 deaths_a=0 interactions=2500 consumed=0 novel=0 energy=38976.5/663070.1 size=11.7/498 age=1197.1/1200 gen=5
tick=1300 pop=2500 res=0 empty=0 births=0 deaths_e=0 deaths_a=0 interactions=2500 consumed=0 novel=0 energy=42269.1/714716.4 size=11.7/498 age=1297.1/1300 gen=5
tick=1400 pop=2500 res=0 empty=0 births=0 deaths_e=0 deaths_a=0 interactions=2500 consumed=0 novel=0 energy=45532.5/769095.8 size=11.7/498 age=1397.1/1400 gen=5
tick=1500 pop=2500 res=0 empty=0 births=0 deaths_e=0 deaths_a=0 interactions=2500 consumed=0 novel=0 energy=48770.9/828075.5 size=11.7/498 age=1497.1/1500 gen=5
tick=1600 pop=2500 res=0 empty=0 births=0 deaths_e=0 deaths_a=0 interactions=2500 consumed=0 novel=0 energy=52031.8/887020.1 size=11.7/498 age=1597.1/1600 gen=5
tick=1700 pop=2500 res=0 empty=0 births=0 deaths_e=0 deaths_a=0 interactions=2500 consumed=0 novel=0 energy=55275.7/946764.9 size=11.7/498 age=1697.1/1700 gen=5
tick=1800 pop=2500 res=0 empty=0 births=0 deaths_e=0 deaths_a=0 interactions=2500 consumed=0 novel=0 energy=58540.8/1005748.6 size=11.7/498 age=1797.1/1800 gen=5
tick=1900 pop=2500 res=0 empty=0 births=0 deaths_e=0 deaths_a=0 interactions=2500 consumed=0 novel=0 energy=61785.8/1058248.5 size=11.7/498 age=1897.1/1900 gen=5
=== Diversity @ tick 2000: 555 unique species ===
  #1: hash=778c93a8b040cf3f pop=717 avg_energy=33065.8 center=(25,25)
  #2: hash=40c0c668478ecf90 pop=349 avg_energy=78521.5 center=(24,25)
  #3: hash=82b3dcb707aae47f pop=143 avg_energy=29214.2 center=(25,24)
  #4: hash=bcd21b07e6f7e5b9 pop=107 avg_energy=88306.1 center=(23,23)
  #5: hash=4d3be084d3467d01 pop=63 avg_energy=33427.5 center=(26,24)
  #6: hash=da929c66eb3e88c1 pop=60 avg_energy=53547.4 center=(28,25)
  #7: hash=d00900ec926a0a46 pop=42 avg_energy=72672.2 center=(26,22)
  #8: hash=2c0252c55f91c01e pop=41 avg_energy=43822.6 center=(20,27)
  #9: hash=cb3976286ea16de4 pop=40 avg_energy=45631.3 center=(24,23)
  #10: hash=c3cad67cd0489bef pop=29 avg_energy=26492.2 center=(20,17)
tick=2000 pop=2500 res=0 empty=0 births=0 deaths_e=0 deaths_a=0 interactions=2500 consumed=0 novel=0 energy=65063.7/1113685.2 size=11.7/498 age=1997.1/2000 gen=5
tick=2100 pop=2500 res=0 empty=0 births=0 deaths_e=0 deaths_a=0 interactions=2500 consumed=0 novel=0 energy=68342.4/1173434.0 size=11.7/498 age=2097.1/2100 gen=5
tick=2200 pop=2500 res=0 empty=0 births=0 deaths_e=0 deaths_a=0 interactions=2500 consumed=0 novel=0 energy=71615.7/1230641.4 size=11.7/498 age=2197.1/2200 gen=5
tick=2300 pop=2500 res=0 empty=0 births=0 deaths_e=0 deaths_a=0 interactions=2500 consumed=0 novel=0 energy=74900.8/1277865.4 size=11.7/498 age=2297.1/2300 gen=5
tick=2400 pop=2500 res=0 empty=0 births=0 deaths_e=0 deaths_a=0 interactions=2500 consumed=0 novel=0 energy=78161.0/1327669.9 size=11.7/498 age=2397.1/2400 gen=5
tick=2500 pop=2500 res=0 empty=0 births=0 deaths_e=0 deaths_a=0 interactions=2500 consumed=0 novel=0 energy=81408.6/1380329.8 size=11.7/498 age=2497.1/2500 gen=5
tick=2600 pop=2500 res=0 empty=0 births=0 deaths_e=0 deaths_a=0 interactions=2500 consumed=0 novel=0 energy=84680.2/1439292.8 size=11.7/498 age=2597.1/2600 gen=5
tick=2700 pop=2500 res=0 empty=0 births=0 deaths_e=0 deaths_a=0 interactions=2500 consumed=0 novel=0 energy=87930.2/1495580.8 size=11.7/498 age=2697.1/2700 gen=5
tick=2800 pop=2500 res=0 empty=0 births=0 deaths_e=0 deaths_a=0 interactions=2500 consumed=0 novel=0 energy=91191.6/1545360.6 size=11.7/498 age=2797.1/2800 gen=5
tick=2900 pop=2500 res=0 empty=0 births=0 deaths_e=0 deaths_a=0 interactions=2500 consumed=0 novel=0 energy=94454.6/1603486.7 size=11.7/498 age=2897.1/2900 gen=5
=== Diversity @ tick 3000: 555 unique species ===
  #1: hash=778c93a8b040cf3f pop=717 avg_energy=49574.9 center=(25,25)
  #2: hash=40c0c668478ecf90 pop=349 avg_energy=118239.6 center=(24,25)
  #3: hash=82b3dcb707aae47f pop=143 avg_energy=43625.2 center=(25,24)
  #4: hash=bcd21b07e6f7e5b9 pop=107 avg_energy=132364.2 center=(23,23)
  #5: hash=4d3be084d3467d01 pop=63 avg_energy=50214.3 center=(26,24)
  #6: hash=da929c66eb3e88c1 pop=60 avg_energy=79807.9 center=(28,25)
  #7: hash=d00900ec926a0a46 pop=42 avg_energy=108943.9 center=(26,22)
  #8: hash=2c0252c55f91c01e pop=41 avg_energy=65960.8 center=(20,27)
  #9: hash=cb3976286ea16de4 pop=40 avg_energy=68506.2 center=(24,23)
  #10: hash=c3cad67cd0489bef pop=29 avg_energy=39507.4 center=(20,17)
tick=3000 pop=2500 res=0 empty=0 births=0 deaths_e=0 deaths_a=0 interactions=2500 consumed=0 novel=0 energy=97700.0/1659800.7 size=11.7/498 age=2997.1/3000 gen=5
tick=3100 pop=2500 res=0 empty=0 births=0 deaths_e=0 deaths_a=0 interactions=2500 consumed=0 novel=0 energy=100935.1/1714286.3 size=11.7/498 age=3096.3/3100 gen=5
tick=3200 pop=2500 res=0 empty=0 births=0 deaths_e=0 deaths_a=0 interactions=2500 consumed=0 novel=0 energy=104190.0/1767862.9 size=11.7/498 age=3196.3/3200 gen=5
tick=3300 pop=2500 res=0 empty=0 births=0 deaths_e=0 deaths_a=0 interactions=2500 consumed=0 novel=0 energy=107467.3/1825041.9 size=11.7/498 age=3296.3/3300 gen=5
tick=3400 pop=2500 res=0 empty=0 births=0 deaths_e=0 deaths_a=0 interactions=2500 consumed=0 novel=0 energy=110736.1/1884085.4 size=11.7/498 age=3396.3/3400 gen=5
tick=3500 pop=2500 res=0 empty=0 births=0 deaths_e=0 deaths_a=0 interactions=2500 consumed=0 novel=0 energy=114029.4/1939398.9 size=11.7/498 age=3496.3/3500 gen=5
tick=3600 pop=2500 res=0 empty=0 births=0 deaths_e=0 deaths_a=0 interactions=2500 consumed=0 novel=0 energy=117328.6/1992756.4 size=11.7/498 age=3596.3/3600 gen=5
tick=3700 pop=2500 res=0 empty=0 births=0 deaths_e=0 deaths_a=0 interactions=2500 consumed=0 novel=0 energy=120556.9/2048956.2 size=11.7/498 age=3696.3/3700 gen=5
tick=3800 pop=2500 res=0 empty=0 births=0 deaths_e=0 deaths_a=0 interactions=2500 consumed=0 novel=0 energy=123812.6/2103226.7 size=11.7/498 age=3796.3/3800 gen=5
tick=3900 pop=2500 res=0 empty=0 births=0 deaths_e=0 deaths_a=0 interactions=2500 consumed=0 novel=0 energy=127107.9/2158546.2 size=11.7/498 age=3896.3/3900 gen=5
=== Diversity @ tick 4000: 555 unique species ===
  #1: hash=778c93a8b040cf3f pop=716 avg_energy=66258.9 center=(25,25)
  #2: hash=40c0c668478ecf90 pop=350 avg_energy=157759.6 center=(24,25)
  #3: hash=82b3dcb707aae47f pop=143 avg_energy=58123.0 center=(25,24)
  #4: hash=bcd21b07e6f7e5b9 pop=107 avg_energy=176480.4 center=(23,23)
  #5: hash=4d3be084d3467d01 pop=63 avg_energy=66959.3 center=(26,24)
  #6: hash=da929c66eb3e88c1 pop=60 avg_energy=106069.2 center=(28,25)
  #7: hash=d00900ec926a0a46 pop=42 avg_energy=145033.2 center=(26,22)
  #8: hash=2c0252c55f91c01e pop=41 avg_energy=87999.5 center=(20,27)
  #9: hash=cb3976286ea16de4 pop=40 avg_energy=91263.7 center=(24,23)
  #10: hash=c3cad67cd0489bef pop=29 avg_energy=52722.4 center=(20,17)
tick=4000 pop=2500 res=0 empty=0 births=0 deaths_e=0 deaths_a=0 interactions=2500 consumed=0 novel=0 energy=130385.6/2216576.1 size=11.7/498 age=3996.3/4000 gen=5
tick=4100 pop=2500 res=0 empty=0 births=0 deaths_e=0 deaths_a=0 interactions=2500 consumed=0 novel=0 energy=133639.8/2274660.8 size=11.7/498 age=4096.3/4100 gen=5
tick=4200 pop=2500 res=0 empty=0 births=0 deaths_e=0 deaths_a=0 interactions=2500 consumed=0 novel=0 energy=136891.6/2330810.2 size=11.7/498 age=4196.3/4200 gen=5
tick=4300 pop=2500 res=0 empty=0 births=0 deaths_e=0 deaths_a=0 interactions=2500 consumed=0 novel=0 energy=140150.5/2388038.6 size=11.7/498 age=4296.3/4300 gen=5
tick=4400 pop=2500 res=0 empty=0 births=0 deaths_e=0 deaths_a=0 interactions=2500 consumed=0 novel=0 energy=143404.0/2436138.9 size=11.7/498 age=4396.3/4400 gen=5
tick=4500 pop=2500 res=0 empty=0 births=0 deaths_e=0 deaths_a=0 interactions=2500 consumed=0 novel=0 energy=146629.5/2486851.1 size=11.7/498 age=4496.3/4500 gen=5
tick=4600 pop=2500 res=0 empty=0 births=0 deaths_e=0 deaths_a=0 interactions=2500 consumed=0 novel=0 energy=149910.5/2538565.2 size=11.7/498 age=4596.3/4600 gen=5
tick=4700 pop=2500 res=0 empty=0 births=0 deaths_e=0 deaths_a=0 interactions=2500 consumed=0 novel=0 energy=153189.7/2593072.5 size=11.7/498 age=4696.3/4700 gen=5
tick=4800 pop=2500 res=0 empty=0 births=0 deaths_e=0 deaths_a=0 interactions=2500 consumed=0 novel=0 energy=156427.0/2649275.0 size=11.7/498 age=4796.3/4800 gen=5
tick=4900 pop=2500 res=0 empty=0 births=0 deaths_e=0 deaths_a=0 interactions=2500 consumed=0 novel=0 energy=159683.6/2698236.6 size=11.7/498 age=4896.3/4900 gen=5
=== Diversity @ tick 5000: 555 unique species ===
  #1: hash=778c93a8b040cf3f pop=716 avg_energy=82795.7 center=(25,25)
  #2: hash=40c0c668478ecf90 pop=350 avg_energy=196776.3 center=(24,25)
  #3: hash=82b3dcb707aae47f pop=143 avg_energy=72708.1 center=(25,24)
  #4: hash=bcd21b07e6f7e5b9 pop=107 avg_energy=220915.4 center=(23,23)
  #5: hash=4d3be084d3467d01 pop=63 avg_energy=83605.5 center=(26,24)
  #6: hash=da929c66eb3e88c1 pop=60 avg_energy=132712.3 center=(28,25)
  #7: hash=d00900ec926a0a46 pop=42 avg_energy=180931.5 center=(26,22)
  #8: hash=2c0252c55f91c01e pop=41 avg_energy=110163.0 center=(20,27)
  #9: hash=cb3976286ea16de4 pop=40 avg_energy=114013.2 center=(24,23)
  #10: hash=c3cad67cd0489bef pop=29 avg_energy=66058.0 center=(20,17)
tick=5000 pop=2500 res=0 empty=0 births=0 deaths_e=0 deaths_a=0 interactions=2500 consumed=0 novel=0 energy=162944.2/2754478.5 size=11.7/498 age=4996.3/5000 gen=5
tick=5100 pop=2500 res=0 empty=0 births=0 deaths_e=0 deaths_a=0 interactions=2500 consumed=0 novel=0 energy=166226.6/2807129.0 size=11.7/498 age=5096.3/5100 gen=5
tick=5200 pop=2500 res=0 empty=0 births=0 deaths_e=0 deaths_a=0 interactions=2500 consumed=0 novel=0 energy=169479.3/2856094.6 size=11.7/498 age=5196.3/5200 gen=5
tick=5300 pop=2500 res=0 empty=0 births=0 deaths_e=0 deaths_a=0 interactions=2500 consumed=0 novel=0 energy=172762.3/2907756.6 size=11.7/498 age=5296.3/5300 gen=5
tick=5400 pop=2500 res=0 empty=0 births=0 deaths_e=0 deaths_a=0 interactions=2500 consumed=0 novel=0 energy=176033.3/2960390.1 size=11.7/498 age=5396.3/5400 gen=5
tick=5500 pop=2500 res=0 empty=0 births=0 deaths_e=0 deaths_a=0 interactions=2500 consumed=0 novel=0 energy=179302.6/3014812.6 size=11.7/498 age=5496.3/5500 gen=5
tick=5600 pop=2500 res=0 empty=0 births=0 deaths_e=0 deaths_a=0 interactions=2500 consumed=0 novel=0 energy=182542.0/3067347.2 size=11.7/498 age=5596.3/5600 gen=5
tick=5700 pop=2500 res=0 empty=0 births=0 deaths_e=0 deaths_a=0 interactions=2500 consumed=0 novel=0 energy=185820.7/3124449.4 size=11.7/498 age=5696.3/5700 gen=5
tick=5800 pop=2500 res=0 empty=0 births=0 deaths_e=0 deaths_a=0 interactions=2500 consumed=0 novel=0 energy=189089.5/3180668.6 size=11.7/498 age=5796.3/5800 gen=5
tick=5900 pop=2500 res=0 empty=0 births=0 deaths_e=0 deaths_a=0 interactions=2500 consumed=0 novel=0 energy=192360.4/3234215.1 size=11.7/498 age=5896.3/5900 gen=5
=== Diversity @ tick 6000: 555 unique species ===
  #1: hash=778c93a8b040cf3f pop=716 avg_energy=99358.6 center=(25,25)
  #2: hash=40c0c668478ecf90 pop=350 avg_energy=236509.4 center=(24,25)
  #3: hash=82b3dcb707aae47f pop=143 avg_energy=87107.5 center=(25,24)
  #4: hash=bcd21b07e6f7e5b9 pop=107 avg_energy=265836.8 center=(23,23)
  #5: hash=4d3be084d3467d01 pop=63 avg_energy=100434.8 center=(26,24)
  #6: hash=da929c66eb3e88c1 pop=60 avg_energy=159016.6 center=(28,25)
  #7: hash=d00900ec926a0a46 pop=42 avg_energy=217546.4 center=(26,22)
  #8: hash=2c0252c55f91c01e pop=41 avg_energy=132202.4 center=(20,27)
  #9: hash=cb3976286ea16de4 pop=40 avg_energy=136859.6 center=(24,23)
  #10: hash=c3cad67cd0489bef pop=29 avg_energy=79208.8 center=(20,17)
tick=6000 pop=2500 res=0 empty=0 births=0 deaths_e=0 deaths_a=0 interactions=2500 consumed=0 novel=0 energy=195634.4/3291349.0 size=11.7/498 age=5996.3/6000 gen=5
tick=6100 pop=2500 res=0 empty=0 births=0 deaths_e=0 deaths_a=0 interactions=2500 consumed=0 novel=0 energy=198881.3/3347557.5 size=11.7/498 age=6096.3/6100 gen=5
tick=6200 pop=2500 res=0 empty=0 births=0 deaths_e=0 deaths_a=0 interactions=2500 consumed=0 novel=0 energy=202151.6/3408318.5 size=11.7/498 age=6196.3/6200 gen=5
tick=6300 pop=2500 res=0 empty=0 births=0 deaths_e=0 deaths_a=0 interactions=2500 consumed=0 novel=0 energy=205400.4/3460863.8 size=11.7/498 age=6296.3/6300 gen=5
tick=6400 pop=2500 res=0 empty=0 births=0 deaths_e=0 deaths_a=0 interactions=2500 consumed=0 novel=0 energy=208658.8/3512644.3 size=11.7/498 age=6396.3/6400 gen=5
tick=6500 pop=2500 res=0 empty=0 births=0 deaths_e=0 deaths_a=0 interactions=2500 consumed=0 novel=0 energy=211908.1/3564413.5 size=11.7/498 age=6496.3/6500 gen=5
tick=6600 pop=2500 res=0 empty=0 births=0 deaths_e=0 deaths_a=0 interactions=2500 consumed=0 novel=0 energy=215195.9/3622542.6 size=11.7/498 age=6596.3/6600 gen=5
tick=6700 pop=2500 res=0 empty=0 births=0 deaths_e=0 deaths_a=0 interactions=2500 consumed=0 novel=0 energy=218464.4/3679769.0 size=11.7/498 age=6696.3/6700 gen=5
tick=6800 pop=2500 res=0 empty=0 births=0 deaths_e=0 deaths_a=0 interactions=2500 consumed=0 novel=0 energy=221734.5/3730549.7 size=11.7/498 age=6796.3/6800 gen=5
tick=6900 pop=2500 res=0 empty=0 births=0 deaths_e=0 deaths_a=0 interactions=2500 consumed=0 novel=0 energy=224996.4/3784040.1 size=11.7/498 age=6896.3/6900 gen=5
=== Diversity @ tick 7000: 555 unique species ===
  #1: hash=778c93a8b040cf3f pop=716 avg_energy=115883.9 center=(25,25)
  #2: hash=40c0c668478ecf90 pop=350 avg_energy=276180.6 center=(24,25)
  #3: hash=82b3dcb707aae47f pop=143 avg_energy=101736.5 center=(25,24)
  #4: hash=bcd21b07e6f7e5b9 pop=107 avg_energy=310290.7 center=(23,23)
  #5: hash=4d3be084d3467d01 pop=63 avg_energy=117046.3 center=(26,24)
  #6: hash=da929c66eb3e88c1 pop=60 avg_energy=185109.2 center=(28,25)
  #7: hash=d00900ec926a0a46 pop=42 avg_energy=253446.0 center=(26,22)
  #8: hash=2c0252c55f91c01e pop=41 avg_energy=154216.5 center=(20,27)
  #9: hash=cb3976286ea16de4 pop=40 avg_energy=159731.2 center=(24,23)
  #10: hash=c3cad67cd0489bef pop=29 avg_energy=92475.4 center=(20,17)
tick=7000 pop=2500 res=0 empty=0 births=0 deaths_e=0 deaths_a=0 interactions=2500 consumed=0 novel=0 energy=228261.9/3840182.5 size=11.7/498 age=6996.3/7000 gen=5
tick=7100 pop=2500 res=0 empty=0 births=0 deaths_e=0 deaths_a=0 interactions=2500 consumed=0 novel=0 energy=231536.3/3899174.9 size=11.7/498 age=7096.3/7100 gen=5
tick=7200 pop=2500 res=0 empty=0 births=0 deaths_e=0 deaths_a=0 interactions=2500 consumed=0 novel=0 energy=234789.0/3952734.1 size=11.7/498 age=7196.3/7200 gen=5
tick=7300 pop=2500 res=0 empty=0 births=0 deaths_e=0 deaths_a=0 interactions=2500 consumed=0 novel=0 energy=238055.4/4010827.8 size=11.7/498 age=7296.3/7300 gen=5
tick=7400 pop=2500 res=0 empty=0 births=0 deaths_e=0 deaths_a=0 interactions=2500 consumed=0 novel=0 energy=241330.1/4060756.2 size=11.7/498 age=7396.3/7400 gen=5
tick=7500 pop=2500 res=0 empty=0 births=0 deaths_e=0 deaths_a=0 interactions=2500 consumed=0 novel=0 energy=244583.0/4111543.9 size=11.7/498 age=7496.3/7500 gen=5
tick=7600 pop=2500 res=0 empty=0 births=0 deaths_e=0 deaths_a=0 interactions=2500 consumed=0 novel=0 energy=247840.8/4167789.8 size=11.7/498 age=7596.3/7600 gen=5
tick=7700 pop=2500 res=0 empty=0 births=0 deaths_e=0 deaths_a=0 interactions=2500 consumed=0 novel=0 energy=251086.3/4222219.3 size=11.7/498 age=7696.3/7700 gen=5
tick=7800 pop=2500 res=0 empty=0 births=0 deaths_e=0 deaths_a=0 interactions=2500 consumed=0 novel=0 energy=254370.3/4277528.8 size=11.7/498 age=7796.3/7800 gen=5
tick=7900 pop=2500 res=0 empty=0 births=0 deaths_e=0 deaths_a=0 interactions=2500 consumed=0 novel=0 energy=257618.3/4333771.0 size=11.7/498 age=7896.3/7900 gen=5
=== Diversity @ tick 8000: 555 unique species ===
  #1: hash=778c93a8b040cf3f pop=716 avg_energy=132402.6 center=(25,25)
  #2: hash=40c0c668478ecf90 pop=350 avg_energy=315794.1 center=(24,25)
  #3: hash=82b3dcb707aae47f pop=143 avg_energy=116198.2 center=(25,24)
  #4: hash=bcd21b07e6f7e5b9 pop=107 avg_energy=354916.9 center=(23,23)
  #5: hash=4d3be084d3467d01 pop=63 avg_energy=133829.4 center=(26,24)
  #6: hash=da929c66eb3e88c1 pop=60 avg_energy=211565.3 center=(28,25)
  #7: hash=d00900ec926a0a46 pop=42 avg_energy=290631.5 center=(26,22)
  #8: hash=2c0252c55f91c01e pop=41 avg_energy=176441.5 center=(20,27)
  #9: hash=cb3976286ea16de4 pop=40 avg_energy=182659.4 center=(24,23)
  #10: hash=c3cad67cd0489bef pop=29 avg_energy=105732.3 center=(20,17)
tick=8000 pop=2500 res=0 empty=0 births=0 deaths_e=0 deaths_a=0 interactions=2500 consumed=0 novel=0 energy=260884.3/4392627.8 size=11.7/498 age=7996.3/8000 gen=5
tick=8100 pop=2500 res=0 empty=0 births=0 deaths_e=0 deaths_a=0 interactions=2500 consumed=0 novel=0 energy=264166.0/4446143.6 size=11.7/498 age=8096.3/8100 gen=5
tick=8200 pop=2500 res=0 empty=0 births=0 deaths_e=0 deaths_a=0 interactions=2500 consumed=0 novel=0 energy=267407.9/4499633.0 size=11.7/498 age=8196.3/8200 gen=5
tick=8300 pop=2500 res=0 empty=0 births=0 deaths_e=0 deaths_a=0 interactions=2500 consumed=0 novel=0 energy=270683.2/4554939.8 size=11.7/498 age=8296.3/8300 gen=5
tick=8400 pop=2500 res=0 empty=0 births=0 deaths_e=0 deaths_a=0 interactions=2500 consumed=0 novel=0 energy=273941.5/4609427.4 size=11.7/498 age=8396.3/8400 gen=5
tick=8500 pop=2500 res=0 empty=0 births=0 deaths_e=0 deaths_a=0 interactions=2500 consumed=0 novel=0 energy=277216.5/4662847.0 size=11.7/498 age=8496.3/8500 gen=5
tick=8600 pop=2500 res=0 empty=0 births=0 deaths_e=0 deaths_a=0 interactions=2500 consumed=0 novel=0 energy=280464.6/4716322.7 size=11.7/498 age=8596.3/8600 gen=5
tick=8700 pop=2500 res=0 empty=0 births=0 deaths_e=0 deaths_a=0 interactions=2500 consumed=0 novel=0 energy=283743.2/4771600.8 size=11.7/498 age=8696.3/8700 gen=5
tick=8800 pop=2500 res=0 empty=0 births=0 deaths_e=0 deaths_a=0 interactions=2500 consumed=0 novel=0 energy=286990.3/4827869.4 size=11.7/498 age=8796.3/8800 gen=5
tick=8900 pop=2500 res=0 empty=0 births=0 deaths_e=0 deaths_a=0 interactions=2500 consumed=0 novel=0 energy=290265.3/4881315.4 size=11.7/498 age=8896.3/8900 gen=5
=== Diversity @ tick 9000: 555 unique species ===
  #1: hash=778c93a8b040cf3f pop=716 avg_energy=148969.9 center=(25,25)
  #2: hash=40c0c668478ecf90 pop=350 avg_energy=355414.6 center=(24,25)
  #3: hash=82b3dcb707aae47f pop=143 avg_energy=130614.1 center=(25,24)
  #4: hash=bcd21b07e6f7e5b9 pop=107 avg_energy=399154.5 center=(23,23)
  #5: hash=4d3be084d3467d01 pop=63 avg_energy=150541.2 center=(26,24)
  #6: hash=da929c66eb3e88c1 pop=60 avg_energy=238005.0 center=(28,25)
  #7: hash=d00900ec926a0a46 pop=42 avg_energy=327442.1 center=(26,22)
  #8: hash=2c0252c55f91c01e pop=41 avg_energy=198613.4 center=(20,27)
  #9: hash=cb3976286ea16de4 pop=40 avg_energy=205528.7 center=(24,23)
  #10: hash=c3cad67cd0489bef pop=29 avg_energy=118931.3 center=(20,17)
tick=9000 pop=2500 res=0 empty=0 births=0 deaths_e=0 deaths_a=0 interactions=2500 consumed=0 novel=0 energy=293538.7/4936610.2 size=11.7/498 age=8996.3/9000 gen=5
tick=9100 pop=2500 res=0 empty=0 births=0 deaths_e=0 deaths_a=0 interactions=2500 consumed=0 novel=0 energy=296801.5/4993719.4 size=11.7/498 age=9096.3/9100 gen=5
tick=9200 pop=2500 res=0 empty=0 births=0 deaths_e=0 deaths_a=0 interactions=2500 consumed=0 novel=0 energy=300068.5/5048174.6 size=11.7/498 age=9196.3/9200 gen=5
tick=9300 pop=2500 res=0 empty=0 births=0 deaths_e=0 deaths_a=0 interactions=2500 consumed=0 novel=0 energy=303312.2/5107979.8 size=11.7/498 age=9296.3/9300 gen=5
tick=9400 pop=2500 res=0 empty=0 births=0 deaths_e=0 deaths_a=0 interactions=2500 consumed=0 novel=0 energy=306566.6/5162400.6 size=11.7/498 age=9396.3/9400 gen=5
tick=9500 pop=2500 res=0 empty=0 births=0 deaths_e=0 deaths_a=0 interactions=2500 consumed=0 novel=0 energy=309815.6/5217640.6 size=11.7/498 age=9496.3/9500 gen=5
tick=9600 pop=2500 res=0 empty=0 births=0 deaths_e=0 deaths_a=0 interactions=2500 consumed=0 novel=0 energy=313104.8/5277399.4 size=11.7/498 age=9596.3/9600 gen=5
tick=9700 pop=2500 res=0 empty=0 births=0 deaths_e=0 deaths_a=0 interactions=2500 consumed=0 novel=0 energy=316386.9/5331896.4 size=11.7/498 age=9696.3/9700 gen=5
tick=9800 pop=2500 res=0 empty=0 births=0 deaths_e=0 deaths_a=0 interactions=2500 consumed=0 novel=0 energy=319659.2/5384454.4 size=11.7/498 age=9796.3/9800 gen=5
tick=9900 pop=2500 res=0 empty=0 births=0 deaths_e=0 deaths_a=0 interactions=2500 consumed=0 novel=0 energy=322944.7/5437969.5 size=11.7/498 age=9896.3/9900 gen=5
=== Diversity @ tick 10000: 555 unique species ===
  #1: hash=778c93a8b040cf3f pop=716 avg_energy=165546.3 center=(25,25)
  #2: hash=40c0c668478ecf90 pop=350 avg_energy=394803.6 center=(24,25)
  #3: hash=82b3dcb707aae47f pop=143 avg_energy=145015.5 center=(25,24)
  #4: hash=bcd21b07e6f7e5b9 pop=107 avg_energy=443158.7 center=(23,23)
  #5: hash=4d3be084d3467d01 pop=63 avg_energy=167163.3 center=(26,24)
  #6: hash=da929c66eb3e88c1 pop=60 avg_energy=264705.0 center=(28,25)
  #7: hash=d00900ec926a0a46 pop=42 avg_energy=364191.2 center=(26,22)
  #8: hash=2c0252c55f91c01e pop=41 avg_energy=220640.3 center=(20,27)
  #9: hash=cb3976286ea16de4 pop=40 avg_energy=228316.2 center=(24,23)
  #10: hash=c3cad67cd0489bef pop=29 avg_energy=132192.5 center=(20,17)
tick=10000 pop=2500 res=0 empty=0 births=0 deaths_e=0 deaths_a=0 interactions=2500 consumed=0 novel=0 energy=326221.3/5496055.5 size=11.7/498 age=9996.3/10000 gen=5
Snapshot saved: runs/explore_001/seed_1/snapshots/snapshot_00010000.bin
Simulation complete. Metrics written to runs/explore_001/seed_1/metrics.csv, lineage to runs/explore_001/seed_1/lineage.csv
